\BOOKMARK [1][-]{section.1}{Introduction}{}% 1
\BOOKMARK [2][-]{subsection.1.1}{Overview}{section.1}% 2
\BOOKMARK [2][-]{subsection.1.2}{Problem Statement}{section.1}% 3
\BOOKMARK [2][-]{subsection.1.3}{Metric}{section.1}% 4
\BOOKMARK [1][-]{section.2}{Analysis}{}% 5
\BOOKMARK [2][-]{subsection.2.1}{Data Exploration}{section.2}% 6
\BOOKMARK [2][-]{subsection.2.2}{Exploratory Visualization}{section.2}% 7
\BOOKMARK [2][-]{subsection.2.3}{Programming Language and Environment}{section.2}% 8
\BOOKMARK [2][-]{subsection.2.4}{Algorithms and Techniques}{section.2}% 9
\BOOKMARK [3][-]{subsubsection.2.4.1}{Filters}{subsection.2.4}% 10
\BOOKMARK [3][-]{subsubsection.2.4.2}{Feature Maps}{subsection.2.4}% 11
\BOOKMARK [3][-]{subsubsection.2.4.3}{Pooling Layers}{subsection.2.4}% 12
\BOOKMARK [3][-]{subsubsection.2.4.4}{Fully Connected Layers}{subsection.2.4}% 13
\BOOKMARK [3][-]{subsubsection.2.4.5}{Readout Layer}{subsection.2.4}% 14
\BOOKMARK [2][-]{subsection.2.5}{Benchmark}{section.2}% 15
\BOOKMARK [1][-]{section.3}{Methodology}{}% 16
\BOOKMARK [2][-]{subsection.3.1}{Data Preprocessing}{section.3}% 17
\BOOKMARK [2][-]{subsection.3.2}{Implementation of Trial 1}{section.3}% 18
\BOOKMARK [2][-]{subsection.3.3}{Refinements}{section.3}% 19
\BOOKMARK [1][-]{section.4}{Results}{}% 20
\BOOKMARK [2][-]{subsection.4.1}{Model Evaluation and Justification}{section.4}% 21
\BOOKMARK [1][-]{section.5}{Conclusion}{}% 22
\BOOKMARK [2][-]{subsection.5.1}{Visualizations of Predictions}{section.5}% 23
\BOOKMARK [2][-]{subsection.5.2}{Summary of Tackling the Problem}{section.5}% 24
\BOOKMARK [3][-]{subsubsection.5.2.1}{Loading the Data}{subsection.5.2}% 25
\BOOKMARK [3][-]{subsubsection.5.2.2}{Exploring the data}{subsection.5.2}% 26
\BOOKMARK [3][-]{subsubsection.5.2.3}{Processing the data}{subsection.5.2}% 27
\BOOKMARK [3][-]{subsubsection.5.2.4}{Building the model}{subsection.5.2}% 28
\BOOKMARK [3][-]{subsubsection.5.2.5}{Visualization of the model and its performance using TensorBoard}{subsection.5.2}% 29
\BOOKMARK [2][-]{subsection.5.3}{Area for Improvements}{section.5}% 30
